<?xml version="1.0" encoding="UTF-8"?>
<!-- Generated by org.testng.reporters.JUnitReportReporter -->
<testsuite hostname="SABTHIKA" failures="0" tests="1" name="runner.TestRunner" time="29.668" errors="0" timestamp="2025-08-23T11:26:42 IST" skipped="0">
  <testcase classname="runner.TestRunner" name="runScenario" time="29.668"/>
</testsuite> <!-- runner.TestRunner -->
